<?xml version="1.0" encoding="UTF-8"?>
<!-- Generated by org.testng.reporters.JUnitReportReporter -->
<testsuite hostname="LAPTOP-7723JJSR" failures="0" tests="5" name="File_Sharing" time="10.758" errors="0" timestamp="2025-04-12T12:13:27 IST" skipped="0">
  <testcase classname="File_Sharing" name="signUp" time="1.216"/>
  <system-out/>
  <testcase classname="File_Sharing" name="login" time="5.051"/>
  <system-out/>
  <testcase classname="File_Sharing" name="clickupload" time="2.234"/>
  <system-out/>
  <testcase classname="File_Sharing" name="uploadfiles" time="1.566"/>
  <system-out/>
  <testcase classname="File_Sharing" name="logout" time="0.691"/>
  <system-out/>
</testsuite> <!-- File_Sharing -->
