<?xml version="1.0" encoding="UTF-8"?>
<!-- Generated by org.testng.reporters.JUnitReportReporter -->
<testsuite hostname="LAPTOP-7723JJSR" failures="0" tests="2" name="EP_ASS_JEN" time="14.979" errors="0" timestamp="2025-04-05T19:44:01 IST" skipped="0">
  <testcase classname="EP_ASS_JEN" name="test1" time="8.446"/>
  <system-out/>
  <testcase classname="EP_ASS_JEN" name="test2" time="6.533"/>
  <system-out/>
</testsuite> <!-- EP_ASS_JEN -->
